Notifications enabled but no channels configured
 
 -------------- stage6@Deepaks-MacBook-Air.local v5.3.6 (emerald-rush)
--- ***** ----- 
-- ******* ---- macOS-26.2-arm64-arm-64bit-Mach-O 2025-12-23 13:29:54
- *** --- * --- 
- ** ---------- [config]
- ** ---------- .> app:         storyboard:0x109761010
- ** ---------- .> transport:   redis://localhost:6379/0
- ** ---------- .> results:     redis://localhost:6379/1
- *** --- * --- .> concurrency: 1 (prefork)
-- ******* ---- .> task events: OFF (enable -E to monitor tasks in this worker)
--- ***** ----- 
 -------------- [queues]
                .> pipeline_stage_6 exchange=pipeline_stage_6(direct) key=pipeline_stage_6
                

[tasks]
  . app.tasks.data_reporting.get_attraction_data_report
  . app.tasks.data_reporting.get_pipeline_data_report
  . app.tasks.file_watcher_tasks.process_excel_update
  . app.tasks.nearby_attractions_tasks.backfill_nearby_attractions
  . app.tasks.nearby_attractions_tasks.enrich_nearby_attraction_from_google
  . app.tasks.nearby_attractions_tasks.refresh_all_nearby_attractions
  . app.tasks.nearby_attractions_tasks.update_nearby_attractions_for_attraction
  . app.tasks.nearby_attractions_tasks.update_nearby_attractions_for_city
  . app.tasks.parallel_pipeline_tasks.orchestrate_pipeline
  . app.tasks.parallel_pipeline_tasks.process_stage_audiences
  . app.tasks.parallel_pipeline_tasks.process_stage_best_time
  . app.tasks.parallel_pipeline_tasks.process_stage_hero_images
  . app.tasks.parallel_pipeline_tasks.process_stage_map
  . app.tasks.parallel_pipeline_tasks.process_stage_metadata
  . app.tasks.parallel_pipeline_tasks.process_stage_nearby
  . app.tasks.parallel_pipeline_tasks.process_stage_reviews
  . app.tasks.parallel_pipeline_tasks.process_stage_social_videos
  . app.tasks.parallel_pipeline_tasks.process_stage_tips
  . app.tasks.parallel_pipeline_tasks.process_stage_weather
  . app.tasks.pipeline_cleanup.check_and_cleanup_pipeline
  . app.tasks.pipeline_cleanup.force_cleanup_pipeline
  . app.tasks.pipeline_resume.get_pipeline_status
  . app.tasks.pipeline_resume.resume_pipeline
  . app.tasks.pipeline_tasks.run_full_pipeline
  . app.tasks.pipeline_tasks.run_pipeline_for_attractions
  . app.tasks.reddit_tip_fetcher_task.fetch_reddit_tips_batch
  . app.tasks.reddit_tip_fetcher_task.resume_rate_limited_runs
  . app.tasks.refresh_tasks.refresh_best_time_data
  . app.tasks.refresh_tasks.refresh_visitor_info
  . app.tasks.refresh_tasks.refresh_weather_data
  . app.tasks.youtube_retry_tasks.fetch_missing_youtube_videos

[2025-12-23 13:29:54,718: INFO/MainProcess] Connected to redis://localhost:6379/0
[2025-12-23 13:29:54,736: INFO/MainProcess] mingle: searching for neighbors
[2025-12-23 13:29:55,748: INFO/MainProcess] mingle: all alone
[2025-12-23 13:29:55,781: INFO/MainProcess] stage6@Deepaks-MacBook-Air.local ready.
